This is pdfeTeX, Version 3.141592-1.21a-2.2 (Web2C 7.5.4) (format=latex 2007.8.2)  29 AUG 2007 08:51
entering extended mode
**\nonstopmode\input{slides.definitions.tex}
(./slides.definitions.tex
! Undefined control sequence.
l.215 \definecolor
                  {pink}{rgb}{1,0.5,0.5}
The control sequence at the end of the top line
of your error message was never \def'ed. If you have
misspelled it (e.g., `\hobx'), type `I' and the correct
spelling (e.g., `I\hbox'). Otherwise just continue,
and I'll forget about whatever was undefined.


! LaTeX Error: Missing \begin{document}.

See the LaTeX manual or LaTeX Companion for explanation.
Type  H <return>  for immediate help.
 ...                                              
                                                  
l.215 \definecolor{p
                    ink}{rgb}{1,0.5,0.5}
You're in trouble here.  Try typing  <return>  to proceed.
If that doesn't work, type  X <return>  to quit.

Missing character: There is no p in font nullfont!
Missing character: There is no i in font nullfont!
Missing character: There is no n in font nullfont!
Missing character: There is no k in font nullfont!
Missing character: There is no r in font nullfont!
Missing character: There is no g in font nullfont!
Missing character: There is no b in font nullfont!
Missing character: There is no 1 in font nullfont!
Missing character: There is no , in font nullfont!
Missing character: There is no 0 in font nullfont!
Missing character: There is no . in font nullfont!
Missing character: There is no 5 in font nullfont!
Missing character: There is no , in font nullfont!
Missing character: There is no 0 in font nullfont!
Missing character: There is no . in font nullfont!
Missing character: There is no 5 in font nullfont!
)
! Emergency stop.
<*> \nonstopmode\input{slides.definitions.tex}
                                              
*** (job aborted, no legal \end found)

 
Here is how much of TeX's memory you used:
 94 strings out of 94501
 673 string characters out of 1176790
 48348 words of memory out of 1000000
 3362 multiletter control sequences out of 10000+50000
 3640 words of font info for 14 fonts, out of 500000 for 2000
 580 hyphenation exceptions out of 1000
 8i,0n,6p,151b,16s stack positions out of 1500i,500n,5000p,200000b,5000s
No pages of output.
